<?xml version="1.0" encoding="UTF-8"?>
<!-- Generated by org.testng.reporters.JUnitXMLReporter -->
<testsuite ignored="9" hostname="INBOOK_X2_SLIM" failures="0" tests="1" name="Default test(failed)" time="4.289" errors="0" timestamp="2026-01-03T23:13:22 IST">
  <testcase classname="testCases.ProductTests" name="testAddNewProduct" time="3.916"/>
  <testcase classname="testCases.ProductTests" name="testGetSortedProducts" time="0.0">
    <ignored/>
  </testcase> <!-- testGetSortedProducts -->
  <testcase classname="testCases.ProductTests" name="testGetLimitedProducts" time="0.0">
    <ignored/>
  </testcase> <!-- testGetLimitedProducts -->
  <testcase classname="testCases.ProductTests" name="testGetSortedProductsAsc" time="0.0">
    <ignored/>
  </testcase> <!-- testGetSortedProductsAsc -->
  <testcase classname="testCases.ProductTests" name="testGetAllCategories" time="0.0">
    <ignored/>
  </testcase> <!-- testGetAllCategories -->
  <testcase classname="testCases.ProductTests" name="testGetSingleProductById" time="0.0">
    <ignored/>
  </testcase> <!-- testGetSingleProductById -->
  <testcase classname="testCases.ProductTests" name="testGetProductsByCategory" time="0.0">
    <ignored/>
  </testcase> <!-- testGetProductsByCategory -->
  <testcase classname="testCases.ProductTests" name="testDeleteProduct" time="0.0">
    <ignored/>
  </testcase> <!-- testDeleteProduct -->
  <testcase classname="testCases.ProductTests" name="testUpdateProduct" time="0.0">
    <ignored/>
  </testcase> <!-- testUpdateProduct -->
  <testcase classname="testCases.ProductTests" name="testGetAllProducts" time="0.0">
    <ignored/>
  </testcase> <!-- testGetAllProducts -->
</testsuite> <!-- Default test(failed) -->
