<?xml version="1.0" encoding="UTF-8"?>
<!-- Generated by org.testng.reporters.JUnitXMLReporter -->
<testsuite ignored="0" hostname="INBOOK_X2_SLIM" failures="0" tests="8" name="Default test" time="9.949" errors="0" timestamp="2026-01-04T12:05:55 IST">
  <testcase classname="testCases.UserTests" name="testCreateUser" time="2.822"/>
  <testcase classname="testCases.UserTests" name="testDeleteUser" time="1.458"/>
  <testcase classname="testCases.UserTests" name="testGetAllUsers" time="1.039"/>
  <testcase classname="testCases.UserTests" name="testGetUserById" time="0.973"/>
  <testcase classname="testCases.UserTests" name="testGetUsersSorted" time="0.912"/>
  <testcase classname="testCases.UserTests" name="testGetUsersSortedAsc" time="0.812"/>
  <testcase classname="testCases.UserTests" name="testGetUsersWithLimit" time="0.712"/>
  <testcase classname="testCases.UserTests" name="testUpdateUser" time="0.822"/>
</testsuite> <!-- Default test -->
