<?xml version="1.0" encoding="UTF-8"?>
<!-- Generated by org.testng.reporters.JUnitXMLReporter -->
<testsuite ignored="0" hostname="INBOOK_X2_SLIM" failures="0" tests="10" name="Default test" time="10.355" errors="0" timestamp="2026-01-05T23:25:14 IST">
  <testcase classname="testCases.CartTests" name="testCreateCart" time="2.708"/>
  <testcase classname="testCases.CartTests" name="testDeleteCart" time="0.783"/>
  <testcase classname="testCases.CartTests" name="testGetAllCarts" time="0.969"/>
  <testcase classname="testCases.CartTests" name="testGetCartById" time="0.88"/>
  <testcase classname="testCases.CartTests" name="testGetCartsByDateRange" time="0.717"/>
  <testcase classname="testCases.CartTests" name="testGetCartsSorted" time="0.725"/>
  <testcase classname="testCases.CartTests" name="testGetCartsSortedAsc" time="0.818"/>
  <testcase classname="testCases.CartTests" name="testGetCartsWithLimit" time="0.897"/>
  <testcase classname="testCases.CartTests" name="testGetUserCart" time="0.814"/>
  <testcase classname="testCases.CartTests" name="testUpdateCart" time="0.6"/>
</testsuite> <!-- Default test -->
