<?xml version="1.0" encoding="UTF-8"?>
<!-- Generated by org.testng.reporters.JUnitXMLReporter -->
<testsuite ignored="0" hostname="INBOOK_X2_SLIM" failures="0" tests="18" name="API Tests" time="41.519" errors="0" timestamp="2026-01-04T12:18:10 IST">
  <testcase classname="testCases.ProductTests" name="testAddNewProduct" time="2.753"/>
  <testcase classname="testCases.ProductTests" name="testDeleteProduct" time="0.922"/>
  <testcase classname="testCases.ProductTests" name="testGetAllCategories" time="22.349"/>
  <testcase classname="testCases.ProductTests" name="testGetAllProducts" time="0.843"/>
  <testcase classname="testCases.ProductTests" name="testGetLimitedProducts" time="0.668"/>
  <testcase classname="testCases.ProductTests" name="testGetProductsByCategory" time="0.752"/>
  <testcase classname="testCases.ProductTests" name="testGetSingleProductById" time="0.653"/>
  <testcase classname="testCases.ProductTests" name="testGetSortedProducts" time="0.869"/>
  <testcase classname="testCases.ProductTests" name="testGetSortedProductsAsc" time="0.818"/>
  <testcase classname="testCases.ProductTests" name="testUpdateProduct" time="0.708"/>
  <testcase classname="testCases.UserTests" name="testCreateUser" time="1.11"/>
  <testcase classname="testCases.UserTests" name="testDeleteUser" time="0.713"/>
  <testcase classname="testCases.UserTests" name="testGetAllUsers" time="2.955"/>
  <testcase classname="testCases.UserTests" name="testGetUserById" time="0.795"/>
  <testcase classname="testCases.UserTests" name="testGetUsersSorted" time="0.938"/>
  <testcase classname="testCases.UserTests" name="testGetUsersSortedAsc" time="0.914"/>
  <testcase classname="testCases.UserTests" name="testGetUsersWithLimit" time="1.019"/>
  <testcase classname="testCases.UserTests" name="testUpdateUser" time="1.123"/>
</testsuite> <!-- API Tests -->
