<?xml version="1.0" encoding="UTF-8"?>
<!-- Generated by org.testng.reporters.JUnitXMLReporter -->
<testsuite ignored="0" hostname="INBOOK_X2_SLIM" failures="0" tests="10" name="Cart Tests" time="8.013" errors="0" timestamp="2026-01-05T23:25:56 IST">
  <testcase classname="testCases.CartTests" name="testCreateCart" time="0.667"/>
  <testcase classname="testCases.CartTests" name="testDeleteCart" time="0.689"/>
  <testcase classname="testCases.CartTests" name="testGetAllCarts" time="0.753"/>
  <testcase classname="testCases.CartTests" name="testGetCartById" time="0.767"/>
  <testcase classname="testCases.CartTests" name="testGetCartsByDateRange" time="0.815"/>
  <testcase classname="testCases.CartTests" name="testGetCartsSorted" time="0.726"/>
  <testcase classname="testCases.CartTests" name="testGetCartsSortedAsc" time="0.921"/>
  <testcase classname="testCases.CartTests" name="testGetCartsWithLimit" time="0.816"/>
  <testcase classname="testCases.CartTests" name="testGetUserCart" time="1.006"/>
  <testcase classname="testCases.CartTests" name="testUpdateCart" time="0.824"/>
</testsuite> <!-- Cart Tests -->
