<?xml version="1.0" encoding="UTF-8"?>
<!-- Generated by org.testng.reporters.JUnitXMLReporter -->
<testsuite ignored="0" hostname="INBOOK_X2_SLIM" failures="0" tests="3" name="Schema Tests" time="2.436" errors="0" timestamp="2026-01-05T23:25:53 IST">
  <testcase classname="testCases.SchemaTests" name="testCartSchema" time="0.969"/>
  <testcase classname="testCases.SchemaTests" name="testProductSchema" time="0.63"/>
  <testcase classname="testCases.SchemaTests" name="testUserSchema" time="0.826"/>
</testsuite> <!-- Schema Tests -->
