<?xml version="1.0" encoding="UTF-8"?>
<!-- Generated by org.testng.reporters.JUnitXMLReporter -->
<testsuite ignored="0" hostname="INBOOK_X2_SLIM" failures="0" tests="3" name="Schema Tests" time="23.533" errors="0" timestamp="2026-01-05T17:16:21 IST">
  <testcase classname="testCases.SchemaTests" name="testCartSchema" time="0.823"/>
  <testcase classname="testCases.SchemaTests" name="testProductSchema" time="21.787"/>
  <testcase classname="testCases.SchemaTests" name="testUserSchema" time="0.912"/>
</testsuite> <!-- Schema Tests -->
