<?xml version="1.0" encoding="UTF-8"?>
<!-- Generated by org.testng.reporters.JUnitReportReporter -->
<testsuite hostname="INBOOK_X2_SLIM" failures="0" tests="3" name="testCases.SchemaTests" time="2.425" errors="0" timestamp="2026-01-05T23:25:56 IST" skipped="0">
  <testcase classname="testCases.SchemaTests" name="testUserSchema" time="0.826"/>
  <testcase classname="testCases.SchemaTests" name="testProductSchema" time="0.630"/>
  <testcase classname="testCases.SchemaTests" name="testCartSchema" time="0.969"/>
</testsuite> <!-- testCases.SchemaTests -->
