<?xml version="1.0" encoding="UTF-8"?>
<!-- Generated by org.testng.reporters.JUnitReportReporter -->
<testsuite hostname="INBOOK_X2_SLIM" failures="0" tests="8" name="testCases.UserTests" time="29.865" errors="0" timestamp="2026-01-05T17:16:21 IST" skipped="0">
  <testcase classname="testCases.UserTests" name="testGetUsersSorted" time="0.807"/>
  <testcase classname="testCases.UserTests" name="testCreateUser" time="2.800"/>
  <testcase classname="testCases.UserTests" name="testUpdateUser" time="0.703"/>
  <testcase classname="testCases.UserTests" name="testDeleteUser" time="21.896"/>
  <testcase classname="testCases.UserTests" name="testGetUsersSortedAsc" time="1.249"/>
  <testcase classname="testCases.UserTests" name="testGetUsersWithLimit" time="0.814"/>
  <testcase classname="testCases.UserTests" name="testGetAllUsers" time="0.815"/>
  <testcase classname="testCases.UserTests" name="testGetUserById" time="0.781"/>
</testsuite> <!-- testCases.UserTests -->
