<?xml version="1.0" encoding="UTF-8"?>
<!-- Generated by org.testng.reporters.JUnitReportReporter -->
<testsuite hostname="INBOOK_X2_SLIM" failures="0" tests="10" name="testCases.ProductTests" time="51.668" errors="0" timestamp="2026-01-05T17:16:21 IST" skipped="0">
  <testcase classname="testCases.ProductTests" name="testGetSortedProducts" time="0.833"/>
  <testcase classname="testCases.ProductTests" name="testGetSingleProductById" time="0.548"/>
  <testcase classname="testCases.ProductTests" name="testGetLimitedProducts" time="22.057"/>
  <testcase classname="testCases.ProductTests" name="testGetProductsByCategory" time="0.746"/>
  <testcase classname="testCases.ProductTests" name="testGetAllCategories" time="0.635"/>
  <testcase classname="testCases.ProductTests" name="testDeleteProduct" time="0.759"/>
  <testcase classname="testCases.ProductTests" name="testGetAllProducts" time="21.646"/>
  <testcase classname="testCases.ProductTests" name="testUpdateProduct" time="0.985"/>
  <testcase classname="testCases.ProductTests" name="testAddNewProduct" time="2.800"/>
  <testcase classname="testCases.ProductTests" name="testGetSortedProductsAsc" time="0.659"/>
</testsuite> <!-- testCases.ProductTests -->
