<?xml version="1.0" encoding="UTF-8"?>
<!-- Generated by org.testng.reporters.JUnitReportReporter -->
<testsuite hostname="INBOOK_X2_SLIM" failures="0" tests="10" name="testCases.CartTests" time="7.984" errors="0" timestamp="2026-01-05T23:25:56 IST" skipped="0">
  <testcase classname="testCases.CartTests" name="testCreateCart" time="0.667"/>
  <testcase classname="testCases.CartTests" name="testDeleteCart" time="0.689"/>
  <testcase classname="testCases.CartTests" name="testGetAllCarts" time="0.753"/>
  <testcase classname="testCases.CartTests" name="testUpdateCart" time="0.824"/>
  <testcase classname="testCases.CartTests" name="testGetCartsByDateRange" time="0.815"/>
  <testcase classname="testCases.CartTests" name="testGetUserCart" time="1.006"/>
  <testcase classname="testCases.CartTests" name="testGetCartsWithLimit" time="0.816"/>
  <testcase classname="testCases.CartTests" name="testGetCartById" time="0.767"/>
  <testcase classname="testCases.CartTests" name="testGetCartsSorted" time="0.726"/>
  <testcase classname="testCases.CartTests" name="testGetCartsSortedAsc" time="0.921"/>
</testsuite> <!-- testCases.CartTests -->
