<?xml version="1.0" encoding="UTF-8"?>
<!-- Generated by org.testng.reporters.JUnitReportReporter -->
<testsuite hostname="INBOOK_X2_SLIM" failures="0" tests="8" name="testCases.UserTests" time="7.441" errors="0" timestamp="2026-01-05T23:25:56 IST" skipped="0">
  <testcase classname="testCases.UserTests" name="testGetAllUsers" time="0.761"/>
  <testcase classname="testCases.UserTests" name="testUpdateUser" time="0.695"/>
  <testcase classname="testCases.UserTests" name="testCreateUser" time="2.550"/>
  <testcase classname="testCases.UserTests" name="testGetUsersSortedAsc" time="0.712"/>
  <testcase classname="testCases.UserTests" name="testGetUsersWithLimit" time="0.634"/>
  <testcase classname="testCases.UserTests" name="testDeleteUser" time="0.710"/>
  <testcase classname="testCases.UserTests" name="testGetUserById" time="0.660"/>
  <testcase classname="testCases.UserTests" name="testGetUsersSorted" time="0.719"/>
</testsuite> <!-- testCases.UserTests -->
