<?xml version="1.0" encoding="UTF-8"?>
<!-- Generated by org.testng.reporters.JUnitReportReporter -->
<testsuite hostname="INBOOK_X2_SLIM" failures="0" tests="10" name="testCases.ProductTests" time="8.637" errors="0" timestamp="2026-01-05T23:25:56 IST" skipped="0">
  <testcase classname="testCases.ProductTests" name="testGetAllProducts" time="0.695"/>
  <testcase classname="testCases.ProductTests" name="testDeleteProduct" time="0.688"/>
  <testcase classname="testCases.ProductTests" name="testGetLimitedProducts" time="0.687"/>
  <testcase classname="testCases.ProductTests" name="testGetSortedProductsAsc" time="0.590"/>
  <testcase classname="testCases.ProductTests" name="testAddNewProduct" time="2.550"/>
  <testcase classname="testCases.ProductTests" name="testUpdateProduct" time="0.598"/>
  <testcase classname="testCases.ProductTests" name="testGetAllCategories" time="0.766"/>
  <testcase classname="testCases.ProductTests" name="testGetSingleProductById" time="0.579"/>
  <testcase classname="testCases.ProductTests" name="testGetSortedProducts" time="0.744"/>
  <testcase classname="testCases.ProductTests" name="testGetProductsByCategory" time="0.740"/>
</testsuite> <!-- testCases.ProductTests -->
